<?xml version="1.0" encoding="UTF-8"?>
<!-- Generated by org.testng.reporters.JUnitXMLReporter -->
<testsuite hostname="38f9d34ef0b3.ant.amazon.com" ignored="0" name="Test" tests="6" failures="0" timestamp="17 Mar 2021 13:31:48 GMT" time="8.342" errors="0">
  <testcase name="validateListOfAllUsersIsFetchedSuccessfully" time="2.33" classname="com.fasal.test.ReqresApiTestSuite"/>
  <testcase name="validateSingleUserDetailsAreFetchedSuccessfully" time="0.746" classname="com.fasal.test.ReqresApiTestSuite"/>
  <testcase name="validateUserCanBeDeletedSuccessfully" time="1.278" classname="com.fasal.test.ReqresApiTestSuite"/>
  <testcase name="validateUserDetailsIsUpdatedSuccessfully" time="1.106" classname="com.fasal.test.ReqresApiTestSuite"/>
  <testcase name="validateUserIsCreatedSuccessfully" time="1.053" classname="com.fasal.test.ReqresApiTestSuite"/>
  <testcase name="validateUserRegistrationIsSuccessful" time="1.16" classname="com.fasal.test.ReqresApiTestSuite"/>
</testsuite> <!-- Test -->
