<?xml version="1.0" encoding="UTF-8"?>
<testsuite xmlns:xsi="http://www.w3.org/2001/XMLSchema-instance" xsi:noNamespaceSchemaLocation="https://maven.apache.org/surefire/maven-surefire-plugin/xsd/surefire-test-report.xsd" name="TestSuite" time="8.737" tests="6" errors="0" skipped="0" failures="0">
  <properties>
[...]
</properties>
  <testcase name="validateListOfAllUsersIsFetchedSuccessfully" classname="com.fasal.test.ReqresApiTestSuite" time="2.329"/>
  <testcase name="validateSingleUserDetailsAreFetchedSuccessfully" classname="com.fasal.test.ReqresApiTestSuite" time="0.746"/>
  <testcase name="validateUserCanBeDeletedSuccessfully" classname="com.fasal.test.ReqresApiTestSuite" time="1.28"/>
  <testcase name="validateUserDetailsIsUpdatedSuccessfully" classname="com.fasal.test.ReqresApiTestSuite" time="1.102"/>
  <testcase name="validateUserIsCreatedSuccessfully" classname="com.fasal.test.ReqresApiTestSuite" time="1.052"/>
  <testcase name="validateUserRegistrationIsSuccessful" classname="com.fasal.test.ReqresApiTestSuite" time="1.16"/>
</testsuite>